[0.067s] Invoking command in '/home/manu/Documents/workspaces/ros2_py_ws/build/udemy_ros2_pkg': CMAKE_PREFIX_PATH=/opt/ros/humble /usr/bin/cmake /home/manu/Documents/workspaces/ros2_py_ws/src/udemy_ros2_pkg -DCMAKE_INSTALL_PREFIX=/home/manu/Documents/workspaces/ros2_py_ws/install/udemy_ros2_pkg
[3.962s] -- The C compiler identification is GNU 11.4.0
[4.959s] -- The CXX compiler identification is GNU 11.4.0
[5.033s] -- Detecting C compiler ABI info
[5.427s] -- Detecting C compiler ABI info - done
[5.450s] -- Check for working C compiler: /usr/bin/cc - skipped
[5.452s] -- Detecting C compile features
[5.514s] -- Detecting C compile features - done
[5.524s] -- Detecting CXX compiler ABI info
[5.725s] -- Detecting CXX compiler ABI info - done
[5.738s] -- Check for working CXX compiler: /usr/bin/c++ - skipped
[5.738s] -- Detecting CXX compile features
[5.739s] -- Detecting CXX compile features - done
[5.923s] -- Found ament_cmake: 1.3.5 (/opt/ros/humble/share/ament_cmake/cmake)
[6.472s] -- Found Python3: /usr/bin/python3.10 (found version "3.10.12") found components: Interpreter 
[6.848s] -- Found ament_lint_auto: 0.12.7 (/opt/ros/humble/share/ament_lint_auto/cmake)
[7.238s] -- Added test 'lint_cmake' to check CMake code style
[7.243s] -- Added test 'xmllint' to check XML markup files
[7.590s] -- Configuring done
[7.597s] -- Generating done
[7.599s] -- Build files have been written to: /home/manu/Documents/workspaces/ros2_py_ws/build/udemy_ros2_pkg
[7.607s] Invoked command in '/home/manu/Documents/workspaces/ros2_py_ws/build/udemy_ros2_pkg' returned '0': CMAKE_PREFIX_PATH=/opt/ros/humble /usr/bin/cmake /home/manu/Documents/workspaces/ros2_py_ws/src/udemy_ros2_pkg -DCMAKE_INSTALL_PREFIX=/home/manu/Documents/workspaces/ros2_py_ws/install/udemy_ros2_pkg
[7.611s] Invoking command in '/home/manu/Documents/workspaces/ros2_py_ws/build/udemy_ros2_pkg': CMAKE_PREFIX_PATH=/opt/ros/humble /usr/bin/cmake --build /home/manu/Documents/workspaces/ros2_py_ws/build/udemy_ros2_pkg -- -j8 -l8
[7.693s] Invoked command in '/home/manu/Documents/workspaces/ros2_py_ws/build/udemy_ros2_pkg' returned '0': CMAKE_PREFIX_PATH=/opt/ros/humble /usr/bin/cmake --build /home/manu/Documents/workspaces/ros2_py_ws/build/udemy_ros2_pkg -- -j8 -l8
[7.744s] Invoking command in '/home/manu/Documents/workspaces/ros2_py_ws/build/udemy_ros2_pkg': CMAKE_PREFIX_PATH=/opt/ros/humble /usr/bin/cmake --install /home/manu/Documents/workspaces/ros2_py_ws/build/udemy_ros2_pkg
[7.756s] -- Install configuration: ""
[7.757s] -- Installing: /home/manu/Documents/workspaces/ros2_py_ws/install/udemy_ros2_pkg/share/ament_index/resource_index/package_run_dependencies/udemy_ros2_pkg
[7.757s] -- Installing: /home/manu/Documents/workspaces/ros2_py_ws/install/udemy_ros2_pkg/share/ament_index/resource_index/parent_prefix_path/udemy_ros2_pkg
[7.757s] -- Installing: /home/manu/Documents/workspaces/ros2_py_ws/install/udemy_ros2_pkg/share/udemy_ros2_pkg/environment/ament_prefix_path.sh
[7.757s] -- Installing: /home/manu/Documents/workspaces/ros2_py_ws/install/udemy_ros2_pkg/share/udemy_ros2_pkg/environment/ament_prefix_path.dsv
[7.757s] -- Installing: /home/manu/Documents/workspaces/ros2_py_ws/install/udemy_ros2_pkg/share/udemy_ros2_pkg/environment/path.sh
[7.758s] -- Installing: /home/manu/Documents/workspaces/ros2_py_ws/install/udemy_ros2_pkg/share/udemy_ros2_pkg/environment/path.dsv
[7.758s] -- Installing: /home/manu/Documents/workspaces/ros2_py_ws/install/udemy_ros2_pkg/share/udemy_ros2_pkg/local_setup.bash
[7.758s] -- Installing: /home/manu/Documents/workspaces/ros2_py_ws/install/udemy_ros2_pkg/share/udemy_ros2_pkg/local_setup.sh
[7.758s] -- Installing: /home/manu/Documents/workspaces/ros2_py_ws/install/udemy_ros2_pkg/share/udemy_ros2_pkg/local_setup.zsh
[7.758s] -- Installing: /home/manu/Documents/workspaces/ros2_py_ws/install/udemy_ros2_pkg/share/udemy_ros2_pkg/local_setup.dsv
[7.759s] -- Installing: /home/manu/Documents/workspaces/ros2_py_ws/install/udemy_ros2_pkg/share/udemy_ros2_pkg/package.dsv
[7.759s] -- Installing: /home/manu/Documents/workspaces/ros2_py_ws/install/udemy_ros2_pkg/share/ament_index/resource_index/packages/udemy_ros2_pkg
[7.759s] -- Installing: /home/manu/Documents/workspaces/ros2_py_ws/install/udemy_ros2_pkg/share/udemy_ros2_pkg/cmake/udemy_ros2_pkgConfig.cmake
[7.759s] -- Installing: /home/manu/Documents/workspaces/ros2_py_ws/install/udemy_ros2_pkg/share/udemy_ros2_pkg/cmake/udemy_ros2_pkgConfig-version.cmake
[7.760s] -- Installing: /home/manu/Documents/workspaces/ros2_py_ws/install/udemy_ros2_pkg/share/udemy_ros2_pkg/package.xml
[7.765s] Invoked command in '/home/manu/Documents/workspaces/ros2_py_ws/build/udemy_ros2_pkg' returned '0': CMAKE_PREFIX_PATH=/opt/ros/humble /usr/bin/cmake --install /home/manu/Documents/workspaces/ros2_py_ws/build/udemy_ros2_pkg
